Using the dataset with outliers removed for classification

Data class distribution  [297 190] 

Classification by SVM

SVC Nested K-Fold CV

best estimator : {'C': 0.001, 'gamma': 0.001, 'kernel': 'linear'}
best accuracy : 1.0
best f1 score : 1.0
best auroc : 1.0

best estimator : {'C': 0.001, 'gamma': 0.001, 'kernel': 'linear'}
best accuracy : 1.0
best f1 score : 1.0
best auroc : 1.0

best estimator : {'C': 0.001, 'gamma': 0.001, 'kernel': 'linear'}
best accuracy : 1.0
best f1 score : 1.0
best auroc : 1.0

best estimator : {'C': 0.001, 'gamma': 0.001, 'kernel': 'linear'}
best accuracy : 1.0
best f1 score : 1.0
best auroc : 1.0

best estimator : {'C': 0.001, 'gamma': 0.001, 'kernel': 'linear'}
best accuracy : 1.0
best f1 score : 1.0
best auroc : 1.0

best estimator : {'C': 0.001, 'gamma': 0.001, 'kernel': 'linear'}
best accuracy : 1.0
best f1 score : 1.0
best auroc : 1.0

best estimator : {'C': 0.001, 'gamma': 0.001, 'kernel': 'linear'}
best accuracy : 1.0
best f1 score : 1.0
best auroc : 1.0

best estimator : {'C': 0.001, 'gamma': 0.001, 'kernel': 'linear'}
best accuracy : 1.0
best f1 score : 1.0
best auroc : 1.0

best estimator : {'C': 0.001, 'gamma': 0.001, 'kernel': 'linear'}
best accuracy : 1.0
best f1 score : 1.0
best auroc : 1.0

best estimator : {'C': 0.001, 'gamma': 0.001, 'kernel': 'linear'}
best accuracy : 1.0
best f1 score : 1.0
best auroc : 1.0

10-Fold Nested Cross-Validation Result
accuracy : 1.0
precision : 1.0
recall : 1.0
f1 score : 1.0
auroc : 1.0

Classification by Logistic Regression

LogisticRegression Nested K-Fold CV

best estimator : {'C': 0.001, 'solver': 'lbfgs'}
best accuracy : 1.0
best f1 score : 1.0
best auroc : 1.0

best estimator : {'C': 0.001, 'solver': 'lbfgs'}
best accuracy : 1.0
best f1 score : 1.0
best auroc : 1.0

best estimator : {'C': 0.001, 'solver': 'lbfgs'}
best accuracy : 1.0
best f1 score : 1.0
best auroc : 1.0

best estimator : {'C': 0.001, 'solver': 'lbfgs'}
best accuracy : 1.0
best f1 score : 1.0
best auroc : 1.0

best estimator : {'C': 0.001, 'solver': 'lbfgs'}
best accuracy : 1.0
best f1 score : 1.0
best auroc : 1.0

best estimator : {'C': 0.001, 'solver': 'lbfgs'}
best accuracy : 1.0
best f1 score : 1.0
best auroc : 1.0

best estimator : {'C': 0.001, 'solver': 'lbfgs'}
best accuracy : 1.0
best f1 score : 1.0
best auroc : 1.0

best estimator : {'C': 0.001, 'solver': 'lbfgs'}
best accuracy : 1.0
best f1 score : 1.0
best auroc : 1.0

best estimator : {'C': 0.001, 'solver': 'lbfgs'}
best accuracy : 1.0
best f1 score : 1.0
best auroc : 1.0

best estimator : {'C': 0.001, 'solver': 'lbfgs'}
best accuracy : 1.0
best f1 score : 1.0
best auroc : 1.0

10-Fold Nested Cross-Validation Result
accuracy : 1.0
precision : 1.0
recall : 1.0
f1 score : 1.0
auroc : 1.0

Classification by K-Nearst Neighbors

KNeighborsClassifier Nested K-Fold CV

best estimator : {'n_neighbors': 3}
best accuracy : 1.0
best f1 score : 1.0
best auroc : 1.0

best estimator : {'n_neighbors': 3}
best accuracy : 1.0
best f1 score : 1.0
best auroc : 1.0

best estimator : {'n_neighbors': 3}
best accuracy : 1.0
best f1 score : 1.0
best auroc : 1.0

best estimator : {'n_neighbors': 3}
best accuracy : 1.0
best f1 score : 1.0
best auroc : 1.0

best estimator : {'n_neighbors': 3}
best accuracy : 1.0
best f1 score : 1.0
best auroc : 1.0

best estimator : {'n_neighbors': 3}
best accuracy : 1.0
best f1 score : 1.0
best auroc : 1.0

best estimator : {'n_neighbors': 3}
best accuracy : 1.0
best f1 score : 1.0
best auroc : 1.0

best estimator : {'n_neighbors': 3}
best accuracy : 1.0
best f1 score : 1.0
best auroc : 1.0

best estimator : {'n_neighbors': 3}
best accuracy : 1.0
best f1 score : 1.0
best auroc : 1.0

best estimator : {'n_neighbors': 3}
best accuracy : 1.0
best f1 score : 1.0
best auroc : 1.0

10-Fold Nested Cross-Validation Result
accuracy : 1.0
precision : 1.0
recall : 1.0
f1 score : 1.0
auroc : 1.0

Classification by Random Forest

RandomForestClassifier Nested K-Fold CV

best estimator : {'criterion': 'gini', 'max_features': 'sqrt'}
best accuracy : 1.0
best f1 score : 1.0
best auroc : 1.0

best estimator : {'criterion': 'gini', 'max_features': 'sqrt'}
best accuracy : 1.0
best f1 score : 1.0
best auroc : 1.0

best estimator : {'criterion': 'gini', 'max_features': 'sqrt'}
best accuracy : 1.0
best f1 score : 1.0
best auroc : 1.0

best estimator : {'criterion': 'gini', 'max_features': 'sqrt'}
best accuracy : 1.0
best f1 score : 1.0
best auroc : 1.0

best estimator : {'criterion': 'gini', 'max_features': 'sqrt'}
best accuracy : 1.0
best f1 score : 1.0
best auroc : 1.0

best estimator : {'criterion': 'gini', 'max_features': 'sqrt'}
best accuracy : 1.0
best f1 score : 1.0
best auroc : 1.0

best estimator : {'criterion': 'gini', 'max_features': 'sqrt'}
best accuracy : 1.0
best f1 score : 1.0
best auroc : 1.0

best estimator : {'criterion': 'gini', 'max_features': 'sqrt'}
best accuracy : 1.0
best f1 score : 1.0
best auroc : 1.0

best estimator : {'criterion': 'gini', 'max_features': 'sqrt'}
best accuracy : 1.0
best f1 score : 1.0
best auroc : 1.0

best estimator : {'criterion': 'gini', 'max_features': 'sqrt'}
best accuracy : 1.0
best f1 score : 1.0
best auroc : 1.0

10-Fold Nested Cross-Validation Result
accuracy : 1.0
precision : 1.0
recall : 1.0
f1 score : 1.0
auroc : 1.0

Classification by Gaussian Naive Bayes

GaussianNB Nested K-Fold CV

best estimator : {'priors': None, 'var_smoothing': 1e-09}
best accuracy : 1.0
best f1 score : 1.0
best auroc : 1.0

best estimator : {'priors': None, 'var_smoothing': 1e-09}
best accuracy : 1.0
best f1 score : 1.0
best auroc : 1.0

best estimator : {'priors': None, 'var_smoothing': 1e-09}
best accuracy : 1.0
best f1 score : 1.0
best auroc : 1.0

best estimator : {'priors': None, 'var_smoothing': 1e-09}
best accuracy : 1.0
best f1 score : 1.0
best auroc : 1.0

best estimator : {'priors': None, 'var_smoothing': 1e-09}
best accuracy : 1.0
best f1 score : 1.0
best auroc : 1.0

best estimator : {'priors': None, 'var_smoothing': 1e-09}
best accuracy : 1.0
best f1 score : 1.0
best auroc : 1.0

best estimator : {'priors': None, 'var_smoothing': 1e-09}
best accuracy : 1.0
best f1 score : 1.0
best auroc : 1.0

best estimator : {'priors': None, 'var_smoothing': 1e-09}
best accuracy : 1.0
best f1 score : 1.0
best auroc : 1.0

best estimator : {'priors': None, 'var_smoothing': 1e-09}
best accuracy : 1.0
best f1 score : 1.0
best auroc : 1.0

best estimator : {'priors': None, 'var_smoothing': 1e-09}
best accuracy : 1.0
best f1 score : 1.0
best auroc : 1.0

10-Fold Nested Cross-Validation Result
accuracy : 1.0
precision : 1.0
recall : 1.0
f1 score : 1.0
auroc : 1.0

Using the dataset with outliers included for classification

Data class distribution  [357 212] 

Classification by SVM

SVC Nested K-Fold CV

best estimator : {'C': 1.0, 'gamma': 0.1, 'kernel': 'rbf'}
best accuracy : 0.6426830966304651
best f1 score : 0.3961541628409948
best auroc : 0.5766394099727433

best estimator : {'C': 10.0, 'gamma': 0.001, 'kernel': 'linear'}
best accuracy : 0.6368003341687554
best f1 score : 0.35342114609355985
best auroc : 0.5612514029180695

best estimator : {'C': 100.0, 'gamma': 0.001, 'kernel': 'rbf'}
best accuracy : 0.6641255917571707
best f1 score : 0.5338414410804689
best auroc : 0.6332611832611832

best estimator : {'C': 1.0, 'gamma': 0.1, 'kernel': 'rbf'}
best accuracy : 0.6327624617098301
best f1 score : 0.3638358262863074
best auroc : 0.5644821228154562

best estimator : {'C': 100.0, 'gamma': 0.001, 'kernel': 'linear'}
best accuracy : 0.6583124477861321
best f1 score : 0.45213679211766256
best auroc : 0.6002926086259419

best estimator : {'C': 1000.0, 'gamma': 0.001, 'kernel': 'rbf'}
best accuracy : 0.6405597326649958
best f1 score : 0.3983285476706529
best auroc : 0.5789842873176207

best estimator : {'C': 1000.0, 'gamma': 0.001, 'kernel': 'linear'}
best accuracy : 0.6444931773879142
best f1 score : 0.36793980862065623
best auroc : 0.5730439313772647

best estimator : {'C': 0.01, 'gamma': 0.001, 'kernel': 'linear'}
best accuracy : 0.6582776385407965
best f1 score : 0.5428256780652883
best auroc : 0.6349927849927849

best estimator : {'C': 0.001, 'gamma': 0.001, 'kernel': 'linear'}
best accuracy : 0.6269493177387915
best f1 score : 0.0
best auroc : 0.5

best estimator : {'C': 0.001, 'gamma': 0.001, 'kernel': 'linear'}
best accuracy : 0.6276803118908383
best f1 score : 0.0
best auroc : 0.5

10-Fold Nested Cross-Validation Result
accuracy : 0.5888157894736843
precision : 0.3361111111111111
recall : 0.20735930735930735
f1 score : 0.24954356553491092
auroc : 0.5116558441558442

Classification by Logistic Regression

LogisticRegression Nested K-Fold CV

best estimator : {'C': 0.01, 'solver': 'lbfgs'}
best accuracy : 0.6387496519075466
best f1 score : 0.3721937856344328
best auroc : 0.5681738015071348

best estimator : {'C': 0.01, 'solver': 'lbfgs'}
best accuracy : 0.6444931773879142
best f1 score : 0.3352551026336714
best auroc : 0.5622294372294373

best estimator : {'C': 1.0, 'solver': 'saga'}
best accuracy : 0.6661097187412977
best f1 score : 0.48148618473821725
best auroc : 0.614726631393298

best estimator : {'C': 0.1, 'solver': 'liblinear'}
best accuracy : 0.642613478139794
best f1 score : 0.4183135104395081
best auroc : 0.583056758056758

best estimator : {'C': 1000.0, 'solver': 'liblinear'}
best accuracy : 0.6623155109997216
best f1 score : 0.44611085740118006
best auroc : 0.6021444604777938

best estimator : {'C': 0.1, 'solver': 'lbfgs'}
best accuracy : 0.654344193817878
best f1 score : 0.4109503601014637
best auroc : 0.5887726471059804

best estimator : {'C': 0.1, 'solver': 'liblinear'}
best accuracy : 0.6542397660818713
best f1 score : 0.4405709051502853
best auroc : 0.5981120731120732

best estimator : {'C': 100.0, 'solver': 'liblinear'}
best accuracy : 0.6563979392926762
best f1 score : 0.4476234453230121
best auroc : 0.6000280583613916

best estimator : {'C': 0.1, 'solver': 'liblinear'}
best accuracy : 0.6581384015594541
best f1 score : 0.4437886474910092
best auroc : 0.5987093153759822

best estimator : {'C': 10.0, 'solver': 'lbfgs'}
best accuracy : 0.6257309941520468
best f1 score : 0.3405172282365265
best auroc : 0.5535754369087703

10-Fold Nested Cross-Validation Result
accuracy : 0.625814536340852
precision : 0.5152798663324979
recall : 0.29285714285714287
f1 score : 0.3655063216353539
auroc : 0.5585714285714285

Classification by K-Nearst Neighbors

KNeighborsClassifier Nested K-Fold CV

best estimator : {'n_neighbors': 11}
best accuracy : 0.5918267891952103
best f1 score : 0.3850113499236306
best auroc : 0.5412698412698412

best estimator : {'n_neighbors': 9}
best accuracy : 0.5938109161793372
best f1 score : 0.34858392462409676
best auroc : 0.5326679493346159

best estimator : {'n_neighbors': 11}
best accuracy : 0.628968253968254
best f1 score : 0.4191877507757949
best auroc : 0.5736932820266154

best estimator : {'n_neighbors': 5}
best accuracy : 0.5683653578390421
best f1 score : 0.37814409707274566
best auroc : 0.5255892255892256

best estimator : {'n_neighbors': 11}
best accuracy : 0.6329365079365079
best f1 score : 0.43200328445749236
best auroc : 0.5814413981080647

best estimator : {'n_neighbors': 11}
best accuracy : 0.5858395989974937
best f1 score : 0.34843814033700515
best auroc : 0.5280423280423281

best estimator : {'n_neighbors': 7}
best accuracy : 0.6074213311055416
best f1 score : 0.4161481577271051
best auroc : 0.5626182459515793

best estimator : {'n_neighbors': 11}
best accuracy : 0.6271929824561403
best f1 score : 0.4437660900163029
best auroc : 0.5798781465448132

best estimator : {'n_neighbors': 11}
best accuracy : 0.6075605680868839
best f1 score : 0.3916799812709646
best auroc : 0.5521685105018437

best estimator : {'n_neighbors': 9}
best accuracy : 0.5828460038986355
best f1 score : 0.3466580631673555
best auroc : 0.5237373737373737

10-Fold Nested Cross-Validation Result
accuracy : 0.6011904761904762
precision : 0.4681916690868097
recall : 0.3248917748917749
f1 score : 0.3756153121787797
auroc : 0.5449458874458875

Classification by Random Forest

RandomForestClassifier Nested K-Fold CV

best estimator : {'criterion': 'gini', 'max_features': 'sqrt'}
best accuracy : 0.6074909495962127
best f1 score : 0.34801870978058397
best auroc : 0.5410894660894661

best estimator : {'criterion': 'entropy', 'max_features': None}
best accuracy : 0.6036271233639654
best f1 score : 0.34040326898398665
best auroc : 0.5373296456629789

best estimator : {'criterion': 'entropy', 'max_features': 'log2'}
best accuracy : 0.6386800334168755
best f1 score : 0.42541877958544627
best auroc : 0.582327240660574

best estimator : {'criterion': 'entropy', 'max_features': 'sqrt'}
best accuracy : 0.626984126984127
best f1 score : 0.3776707820567469
best auroc : 0.5636604136604135

best estimator : {'criterion': 'gini', 'max_features': 'log2'}
best accuracy : 0.6367307156780843
best f1 score : 0.4053928441652848
best auroc : 0.5741261824595157

best estimator : {'criterion': 'gini', 'max_features': 'sqrt'}
best accuracy : 0.6211013645224173
best f1 score : 0.37672644339311007
best auroc : 0.5593594676928011

best estimator : {'criterion': 'entropy', 'max_features': None}
best accuracy : 0.5995892509050403
best f1 score : 0.34820052647193594
best auroc : 0.5380070546737213

best estimator : {'criterion': 'entropy', 'max_features': 'sqrt'}
best accuracy : 0.6230854915065442
best f1 score : 0.3988921252079146
best auroc : 0.565616482283149

best estimator : {'criterion': 'entropy', 'max_features': 'log2'}
best accuracy : 0.6212406015037595
best f1 score : 0.3642028108057035
best auroc : 0.5544933461600128

best estimator : {'criterion': 'gini', 'max_features': 'sqrt'}
best accuracy : 0.6120857699805069
best f1 score : 0.3563997741134131
best auroc : 0.5467652717652718

10-Fold Nested Cross-Validation Result
accuracy : 0.6031015037593985
precision : 0.46766858872122025
recall : 0.2638528138528138
f1 score : 0.3320176494915584
auroc : 0.5341883116883117

Classification by Gaussian Naive Bayes

GaussianNB Nested K-Fold CV

best estimator : {'priors': None, 'var_smoothing': 1e-09}
best accuracy : 0.6327972709551656
best f1 score : 0.5184254991117805
best auroc : 0.6120169953503286

best estimator : {'priors': None, 'var_smoothing': 1e-09}
best accuracy : 0.6269145084934559
best f1 score : 0.5007256759465155
best auroc : 0.6018759018759019

best estimator : {'priors': None, 'var_smoothing': 1e-09}
best accuracy : 0.6582428292954609
best f1 score : 0.5402094711740308
best auroc : 0.6338904922238255

best estimator : {'priors': None, 'var_smoothing': 1e-09}
best accuracy : 0.6290030632135896
best f1 score : 0.49696655724982336
best auroc : 0.600974025974026

best estimator : {'priors': None, 'var_smoothing': 1e-09}
best accuracy : 0.6387496519075467
best f1 score : 0.5134440034497334
best auroc : 0.6130992464325798

best estimator : {'priors': None, 'var_smoothing': 1e-09}
best accuracy : 0.6290030632135896
best f1 score : 0.5086450501740957
best auroc : 0.6052188552188552

best estimator : {'priors': None, 'var_smoothing': 1e-09}
best accuracy : 0.6349206349206349
best f1 score : 0.5136675882980567
best auroc : 0.6100569183902518

best estimator : {'priors': None, 'var_smoothing': 1e-09}
best accuracy : 0.6524296853244221
best f1 score : 0.5419753536268229
best auroc : 0.6323152156485489

best estimator : {'priors': None, 'var_smoothing': 1e-09}
best accuracy : 0.6250696184906711
best f1 score : 0.5025804244062332
best auroc : 0.6010622093955427

best estimator : {'priors': None, 'var_smoothing': 1e-09}
best accuracy : 0.6237816764132553
best f1 score : 0.5088521681151512
best auroc : 0.6030904280904281

10-Fold Nested Cross-Validation Result
accuracy : 0.638157894736842
precision : 0.5217067208154165
recall : 0.5274891774891775
f1 score : 0.5198848147942522
auroc : 0.6156096681096682

